<?xml version="1.0" encoding="UTF-8"?>
<!-- Generated by org.testng.reporters.JUnitXMLReporter -->
<testsuite ignored="2" hostname="DESKTOP-BBDLB6E" failures="0" tests="3" name="test Test" time="0.276" errors="0" timestamp="2023-02-07T17:20:14 IST">
  <testcase classname="Tutorial1.Demo8" name="login" time="0.014"/>
  <testcase classname="Tutorial1.Demo8" name="homepage" time="0.016"/>
  <testcase classname="Tutorial1.Demo8" name="contactpage" time="0.01"/>
  <testcase classname="Tutorial1.Demo8" name="logoutPage" time="0.0">
    <ignored/>
  </testcase> <!-- logoutPage -->
  <testcase classname="Tutorial1.Demo8" name="informationPage" time="0.0">
    <ignored/>
  </testcase> <!-- informationPage -->
</testsuite> <!-- test Test -->
