<?xml version="1.0" encoding="UTF-8"?>
<!-- Generated by org.testng.reporters.JUnitXMLReporter -->
<testsuite ignored="0" hostname="DESKTOP-BBDLB6E" failures="0" tests="3" name="testNG test" time="0.2" errors="0" timestamp="2023-02-07T16:49:23 IST">
  <testcase classname="Tutorial1.Demo8" name="login" time="0.014"/>
  <testcase classname="Tutorial1.Demo8" name="homepage" time="0.007"/>
  <testcase classname="Tutorial1.Demo8" name="contactpage" time="0.009"/>
</testsuite> <!-- testNG test -->
